<?xml version="1.0" encoding="utf-8"?><testsuites><testsuite name="pytest" errors="0" failures="0" skipped="0" tests="6" time="81.364" timestamp="2021-05-02T00:30:46.666372" hostname="Alexs-MacBook-Pro.local"><testcase classname="pd_parser.tests.test_parse_pd" name="test_core" time="1.753" /><testcase classname="pd_parser.tests.test_parse_pd" name="test_two_pd_alignment" time="0.594" /><testcase classname="pd_parser.tests.test_parse_pd" name="test_parse_pd" time="26.469" /><testcase classname="pd_parser.tests.test_parse_pd" name="test_parse_audio" time="8.435" /><testcase classname="pd_parser.tests.test_parse_pd" name="test_cli" time="42.495" /><testcase classname="pd_parser.tests.test_parse_pd" name="test_examples" time="0.001" /></testsuite></testsuites>