<?xml version="1.0" encoding="utf-8"?><testsuites><testsuite name="pytest" errors="0" failures="0" skipped="0" tests="0" time="0.021" timestamp="2021-03-31T09:39:03.881045" hostname="kvasir" /></testsuites>